[18:24:32][139806060847808][DEBUG][asynclogger][Server.hpp: 24]	Server Construct start
[18:24:32][139806060847808][INFO][asynclogger][Config.hpp: 69]	Get configure information successfully
[18:24:32][139806060847808][DEBUG][asynclogger][Server.hpp: 31]	Server Construct end
[18:24:32][139806060847808][INFO][asynclogger][Test.cpp: 15]	service step in RunModule
[18:24:32][139806060847808][DEBUG][asynclogger][Server.hpp: 57]	event_base_dispatch
[18:24:51][139806060847808][INFO][asynclogger][Server.hpp: 74]	get req, uri_path: /
[18:24:51][139806060847808][INFO][asynclogger][Server.hpp: 403]	ListShow start
[18:24:51][139806060847808][INFO][asynclogger][DataManager.hpp: 198]	DataManager construct start
[18:24:51][139806060847808][INFO][asynclogger][DataManager.hpp: 211]	init data manager start
[18:24:51][139806060847808][INFO][asynclogger][DataManager.hpp: 87]	data information insert start
[18:24:51][139806060847808][INFO][asynclogger][DataManager.hpp: 99]	data information insert completed
[18:24:51][139806060847808][INFO][asynclogger][DataManager.hpp: 87]	data information insert start
[18:24:51][139806060847808][INFO][asynclogger][DataManager.hpp: 99]	data information insert completed
[18:24:51][139806060847808][INFO][asynclogger][DataManager.hpp: 50]	file information storage start
[18:24:51][139806060847808][INFO][asynclogger][DataManager.hpp: 72]	all file information: [
	{
		"atime_" : 1753870339,
		"fsize_" : 8008631,
		"mtime_" : 1753870339,
		"storage_path_" : "./deep_storage/curl-8.14.1_2-win64-mingw.zip",
		"url_" : "/download/curl-8.14.1_2-win64-mingw.zip"
	},
	{
		"atime_" : 1753871035,
		"fsize_" : 4544420,
		"mtime_" : 1753871035,
		"storage_path_" : "./low_storage/fzs.mp3",
		"url_" : "/download/fzs.mp3"
	}
]
[18:24:51][139806060847808][INFO][asynclogger][DataManager.hpp: 81]	file information storage end
[18:24:51][139806060847808][INFO][asynclogger][DataManager.hpp: 247]	init data manager completed
[18:24:51][139806060847808][INFO][asynclogger][DataManager.hpp: 205]	DataManager construct end
[18:24:51][139806060847808][INFO][asynclogger][DataManager.hpp: 50]	file information storage start
[18:24:51][139806060847808][INFO][asynclogger][DataManager.hpp: 72]	all file information: [
	{
		"atime_" : 1753870339,
		"fsize_" : 8008631,
		"mtime_" : 1753870339,
		"storage_path_" : "./deep_storage/curl-8.14.1_2-win64-mingw.zip",
		"url_" : "/download/curl-8.14.1_2-win64-mingw.zip"
	},
	{
		"atime_" : 1753871035,
		"fsize_" : 4544420,
		"mtime_" : 1753871035,
		"storage_path_" : "./low_storage/fzs.mp3",
		"url_" : "/download/fzs.mp3"
	}
]
[18:24:51][139806060847808][INFO][asynclogger][DataManager.hpp: 81]	file information storage end
[18:24:51][139806060847808][INFO][asynclogger][Server.hpp: 425]	LishShow completed
[18:25:19][139806060847808][INFO][asynclogger][Server.hpp: 74]	get req, uri_path: /delete/curl-8.14.1_2-win64-mingw.zip
[18:25:19][139806060847808][INFO][asynclogger][Server.hpp: 361]	Delete start
[18:25:19][139806060847808][INFO][asynclogger][DataManager.hpp: 122]	URL: /download/curl-8.14.1_2-win64-mingw.zip, get information successfully
[18:25:19][139806060847808][INFO][asynclogger][DataManager.hpp: 50]	file information storage start
[18:25:19][139806060847808][INFO][asynclogger][DataManager.hpp: 72]	all file information: [
	{
		"atime_" : 1753871035,
		"fsize_" : 4544420,
		"mtime_" : 1753871035,
		"storage_path_" : "./low_storage/fzs.mp3",
		"url_" : "/download/fzs.mp3"
	}
]
[18:25:19][139806060847808][INFO][asynclogger][DataManager.hpp: 81]	file information storage end
[18:25:19][139806060847808][INFO][asynclogger][Server.hpp: 398]	delete file ./deep_storage/curl-8.14.1_2-win64-mingw.zip successfully
[18:25:19][139806060847808][INFO][asynclogger][Server.hpp: 74]	get req, uri_path: /
[18:25:19][139806060847808][INFO][asynclogger][Server.hpp: 403]	ListShow start
[18:25:19][139806060847808][INFO][asynclogger][DataManager.hpp: 50]	file information storage start
[18:25:19][139806060847808][INFO][asynclogger][DataManager.hpp: 72]	all file information: [
	{
		"atime_" : 1753871035,
		"fsize_" : 4544420,
		"mtime_" : 1753871035,
		"storage_path_" : "./low_storage/fzs.mp3",
		"url_" : "/download/fzs.mp3"
	}
]
[18:25:19][139806060847808][INFO][asynclogger][DataManager.hpp: 81]	file information storage end
[18:25:19][139806060847808][INFO][asynclogger][Server.hpp: 425]	LishShow completed
