[22:21:40][126883556382528][INFO][asynclogger][test.cpp: 19]	测试日志-1
[22:21:40][126883556382528][WARN][asynclogger][test.cpp: 20]	测试日志-2
[22:21:40][126883556382528][DEBUG][asynclogger][test.cpp: 21]	测试日志-3
[22:21:40][126883556382528][ERROR][asynclogger][test.cpp: 22]	测试日志-4
[22:21:40][126883556382528][FATAL][asynclogger][test.cpp: 23]	测试日志-5
[22:21:40][126883556382528][INFO][asynclogger][test.cpp: 19]	测试日志-6
[22:21:40][126883556382528][WARN][asynclogger][test.cpp: 20]	测试日志-7
[22:21:40][126883556382528][DEBUG][asynclogger][test.cpp: 21]	测试日志-8
[22:21:40][126883556382528][ERROR][asynclogger][test.cpp: 22]	测试日志-9
[22:21:40][126883556382528][FATAL][asynclogger][test.cpp: 23]	测试日志-10
[10:01:08][137188405233472][INFO][asynclogger][test.cpp: 19]	测试日志-1
[10:01:08][137188405233472][WARN][asynclogger][test.cpp: 20]	测试日志-2
[10:01:08][137188405233472][DEBUG][asynclogger][test.cpp: 21]	测试日志-3
[10:01:08][137188405233472][ERROR][asynclogger][test.cpp: 22]	测试日志-4
[10:01:08][137188405233472][FATAL][asynclogger][test.cpp: 23]	测试日志-5
[10:01:08][137188405233472][INFO][asynclogger][test.cpp: 19]	测试日志-6
[10:01:08][137188405233472][WARN][asynclogger][test.cpp: 20]	测试日志-7
[10:01:08][137188405233472][DEBUG][asynclogger][test.cpp: 21]	测试日志-8
[10:01:08][137188405233472][ERROR][asynclogger][test.cpp: 22]	测试日志-9
[10:01:08][137188405233472][FATAL][asynclogger][test.cpp: 23]	测试日志-10
